AH00558: apache2: Could not reliably determine the server's fully qualified domain name, using 172.22.0.4. Set the 'ServerName' directive globally to suppress this message
[Wed Aug 26 10:55:46.776904 2020] [mpm_prefork:notice] [pid 1] AH00163: Apache/2.4.25 (Debian) PHP/7.2.32 configured -- resuming normal operations
[Wed Aug 26 10:55:46.777758 2020] [core:notice] [pid 1] AH00094: Command line: 'apache2 -D FOREGROUND'
[Wed Aug 26 10:55:53.455315 2020] [autoindex:error] [pid 17] [client 172.22.0.1:41674] AH01276: Cannot serve directory /var/www/html/: No matching DirectoryIndex (index.php,index.html) found, and server-generated directory index forbidden by Options directive
[Wed Aug 26 11:23:16.279318 2020] [mpm_prefork:notice] [pid 1] AH00170: caught SIGWINCH, shutting down gracefully
AH00558: apache2: Could not reliably determine the server's fully qualified domain name, using 172.21.0.5. Set the 'ServerName' directive globally to suppress this message
[Sat Aug 29 11:51:05.354724 2020] [mpm_prefork:notice] [pid 1] AH00163: Apache/2.4.25 (Debian) PHP/7.2.32 configured -- resuming normal operations
[Sat Aug 29 11:51:05.355174 2020] [core:notice] [pid 1] AH00094: Command line: 'apache2 -D FOREGROUND'
[Mon Aug 31 06:35:20.588006 2020] [mpm_prefork:notice] [pid 1] AH00170: caught SIGWINCH, shutting down gracefully
AH00558: apache2: Could not reliably determine the server's fully qualified domain name, using 172.28.0.4. Set the 'ServerName' directive globally to suppress this message
[Tue Dec 15 10:34:15.887504 2020] [mpm_prefork:notice] [pid 1] AH00163: Apache/2.4.25 (Debian) PHP/7.2.32 configured -- resuming normal operations
[Tue Dec 15 10:34:15.888092 2020] [core:notice] [pid 1] AH00094: Command line: 'apache2 -D FOREGROUND'
[Tue Dec 15 10:35:22.772486 2020] [mpm_prefork:notice] [pid 1] AH00170: caught SIGWINCH, shutting down gracefully
AH00558: apache2: Could not reliably determine the server's fully qualified domain name, using 172.29.0.5. Set the 'ServerName' directive globally to suppress this message
[Tue Dec 15 10:35:34.688046 2020] [mpm_prefork:notice] [pid 1] AH00163: Apache/2.4.25 (Debian) PHP/7.2.32 configured -- resuming normal operations
[Tue Dec 15 10:35:34.688577 2020] [core:notice] [pid 1] AH00094: Command line: 'apache2 -D FOREGROUND'
[Tue Dec 15 10:36:27.933390 2020] [mpm_prefork:notice] [pid 1] AH00170: caught SIGWINCH, shutting down gracefully
AH00558: apache2: Could not reliably determine the server's fully qualified domain name, using 172.30.0.5. Set the 'ServerName' directive globally to suppress this message
[Tue Dec 15 10:36:35.214738 2020] [mpm_prefork:notice] [pid 1] AH00163: Apache/2.4.25 (Debian) PHP/7.2.32 configured -- resuming normal operations
[Tue Dec 15 10:36:35.215155 2020] [core:notice] [pid 1] AH00094: Command line: 'apache2 -D FOREGROUND'
[Tue Dec 15 11:46:50.339828 2020] [mpm_prefork:notice] [pid 1] AH00170: caught SIGWINCH, shutting down gracefully
AH00558: apache2: Could not reliably determine the server's fully qualified domain name, using 192.168.0.4. Set the 'ServerName' directive globally to suppress this message
[Tue Dec 15 18:04:08.684038 2020] [mpm_prefork:notice] [pid 1] AH00163: Apache/2.4.25 (Debian) PHP/7.2.32 configured -- resuming normal operations
[Tue Dec 15 18:04:08.684685 2020] [core:notice] [pid 1] AH00094: Command line: 'apache2 -D FOREGROUND'
